<?xml version="1.0" encoding="UTF-8"?>
<!-- Generated by org.testng.reporters.JUnitXMLReporter -->
<testsuite ignored="4" hostname="LAPTOP-D0CIFDTL" failures="0" tests="1" name="Default test" time="0.046" errors="0" timestamp="2022-11-15T10:19:00 IST">
  <testcase classname="javaPrograms.HowToIterateThroughCollectionInJava" name="f5" time="0.008"/>
  <testcase classname="javaPrograms.HowToIterateThroughCollectionInJava" name="f4" time="0.0">
    <ignored/>
  </testcase> <!-- f4 -->
  <testcase classname="javaPrograms.HowToIterateThroughCollectionInJava" name="f1" time="0.0">
    <ignored/>
  </testcase> <!-- f1 -->
  <testcase classname="javaPrograms.HowToIterateThroughCollectionInJava" name="f3" time="0.0">
    <ignored/>
  </testcase> <!-- f3 -->
  <testcase classname="javaPrograms.HowToIterateThroughCollectionInJava" name="f2" time="0.0">
    <ignored/>
  </testcase> <!-- f2 -->
</testsuite> <!-- Default test -->
