<?xml version="1.0" encoding="UTF-8"?>
<testng-results ignored="4" total="5" passed="1" failed="0" skipped="0">
  <reporter-output>
  </reporter-output>
  <suite started-at="2022-11-15T10:18:59 IST" name="Default suite" finished-at="2022-11-15T10:18:59 IST" duration-ms="46">
    <groups>
    </groups>
    <test started-at="2022-11-15T10:18:59 IST" name="Default test" finished-at="2022-11-15T10:18:59 IST" duration-ms="46">
      <class name="javaPrograms.HowToIterateThroughCollectionInJava">
        <test-method signature="f5()[pri:0, instance:javaPrograms.HowToIterateThroughCollectionInJava@4ef37659]" started-at="2022-11-15T10:18:59 IST" name="f5" finished-at="2022-11-15T10:18:59 IST" duration-ms="8" status="PASS">
          <reporter-output>
          </reporter-output>
        </test-method> <!-- f5 -->
      </class> <!-- javaPrograms.HowToIterateThroughCollectionInJava -->
    </test> <!-- Default test -->
  </suite> <!-- Default suite -->
</testng-results>
